{"uuid":"4674f634-f252-434d-842c-f663a9772f7d","historyId":"b8d919a961f23f9e6b683032ee9b453b","fullName":"Brain Process On Account Settings Is No One: Brain Verify Send Friend Request Is NoOne","labels":[{"name":"tag","value":"MetaFox"},{"name":"tag","value":"core"},{"name":"tag","value":"brianProcessOnAccountSettingsIsNoOne"},{"name":"tag","value":"BrainVerifySendFriendRequestIsNoOne"},{"name":"host","value":"ChauVMs-Mac-Mini.local"},{"name":"thread","value":"2468@ChauVMs-Mac-Mini.local.main(1)"},{"name":"feature","value":"Brain Process On Account Settings Is No One"},{"name":"story","value":"Brain Verify Send Friend Request Is NoOne"},{"name":"suite","value":"Brain Process On Account Settings Is No One"},{"name":"testClass","value":"Brain Verify Send Friend Request Is NoOne"},{"name":"framework","value":"cucumber4jvm"},{"name":"language","value":"java"},{"name":"gherkin_uri","value":"file:///Users/qctest/IdeaProjects/v5_AutomationTest/src/test/java/MetaFox/testFeature/core/AccountSetting/BrianActionOnAccountSettingIsNoOne.feature"},{"name":"package","value":"src.test.java.MetaFox.testFeature.core.AccountSetting.BrianActionOnAccountSettingIsNoOne_feature.Brain Process On Account Settings Is No One"}],"links":[],"name":"Brain Verify Send Friend Request Is NoOne","status":"broken","statusDetails":{"known":false,"muted":false,"flaky":false,"message":"Unable to locate element: //div[@data-value='0']\nFor documentation on this error, please visit: https://www.seleniumhq.org/exceptions/no_such_element.html\nBuild info: version: '3.141.59', revision: 'e82be7d358', time: '2018-11-14T08:17:03'\nSystem info: host: 'ChauVMs-Mac-Mini.local', ip: 'fe80:0:0:0:148a:447a:c26b:9285%en0', os.name: 'Mac OS X', os.arch: 'x86_64', os.version: '10.16', java.version: '1.8.0_292'\nDriver info: org.openqa.selenium.firefox.FirefoxDriver\nCapabilities {acceptInsecureCerts: true, browserName: firefox, browserVersion: 105.0.3, javascriptEnabled: true, moz:accessibilityChecks: false, moz:buildID: 20221007134813, moz:geckodriverVersion: 0.31.0, moz:headless: false, moz:platformVersion: 21.6.0, moz:processID: 3506, moz:profile: /var/folders/5g/b1_nkj050kx..., moz:shutdownTimeout: 60000, moz:useNonSpecCompliantPointerOrigin: false, moz:webdriverClick: true, moz:windowless: false, pageLoadStrategy: normal, platform: MAC, platformName: MAC, proxy: Proxy(), setWindowRect: true, strictFileInteractability: false, timeouts: {implicit: 0, pageLoad: 300000, script: 30000}, unhandledPromptBehavior: dismiss and notify}\nSession ID: 2d23ee36-574e-4b98-93c5-417fea351246\n*** Element info: {Using=xpath, value=//div[@data-value='0']}","trace":"org.openqa.selenium.NoSuchElementException: Unable to locate element: //div[@data-value='0']\nFor documentation on this error, please visit: https://www.seleniumhq.org/exceptions/no_such_element.html\nBuild info: version: '3.141.59', revision: 'e82be7d358', time: '2018-11-14T08:17:03'\nSystem info: host: 'ChauVMs-Mac-Mini.local', ip: 'fe80:0:0:0:148a:447a:c26b:9285%en0', os.name: 'Mac OS X', os.arch: 'x86_64', os.version: '10.16', java.version: '1.8.0_292'\nDriver info: org.openqa.selenium.firefox.FirefoxDriver\nCapabilities {acceptInsecureCerts: true, browserName: firefox, browserVersion: 105.0.3, javascriptEnabled: true, moz:accessibilityChecks: false, moz:buildID: 20221007134813, moz:geckodriverVersion: 0.31.0, moz:headless: false, moz:platformVersion: 21.6.0, moz:processID: 3506, moz:profile: /var/folders/5g/b1_nkj050kx..., moz:shutdownTimeout: 60000, moz:useNonSpecCompliantPointerOrigin: false, moz:webdriverClick: true, moz:windowless: false, pageLoadStrategy: normal, platform: MAC, platformName: MAC, proxy: Proxy(), setWindowRect: true, strictFileInteractability: false, timeouts: {implicit: 0, pageLoad: 300000, script: 30000}, unhandledPromptBehavior: dismiss and notify}\nSession ID: 2d23ee36-574e-4b98-93c5-417fea351246\n*** Element info: {Using=xpath, value=//div[@data-value='0']}\n\tat sun.reflect.NativeConstructorAccessorImpl.newInstance0(Native Method)\n\tat sun.reflect.NativeConstructorAccessorImpl.newInstance(NativeConstructorAccessorImpl.java:62)\n\tat sun.reflect.DelegatingConstructorAccessorImpl.newInstance(DelegatingConstructorAccessorImpl.java:45)\n\tat java.lang.reflect.Constructor.newInstance(Constructor.java:423)\n\tat org.openqa.selenium.remote.http.W3CHttpResponseCodec.createException(W3CHttpResponseCodec.java:187)\n\tat org.openqa.selenium.remote.http.W3CHttpResponseCodec.decode(W3CHttpResponseCodec.java:122)\n\tat org.openqa.selenium.remote.http.W3CHttpResponseCodec.decode(W3CHttpResponseCodec.java:49)\n\tat org.openqa.selenium.remote.HttpCommandExecutor.execute(HttpCommandExecutor.java:158)\n\tat org.openqa.selenium.remote.service.DriverCommandExecutor.execute(DriverCommandExecutor.java:83)\n\tat org.openqa.selenium.remote.RemoteWebDriver.execute(RemoteWebDriver.java:552)\n\tat org.openqa.selenium.remote.RemoteWebDriver.findElement(RemoteWebDriver.java:323)\n\tat org.openqa.selenium.remote.RemoteWebDriver.findElementByXPath(RemoteWebDriver.java:428)\n\tat org.openqa.selenium.By$ByXPath.findElement(By.java:353)\n\tat org.openqa.selenium.remote.RemoteWebDriver.findElement(RemoteWebDriver.java:315)\n\tat MetaFox.pageObject.Components.componentsDivDataValue(Components.java:240)\n\tat MetaFox.stepDefined.AndStepDefinitions.selectPrivacy(AndStepDefinitions.java:241)\n\tat ✽.the user select privacy at field \"Who can send you a friend request?\" and change to \"Anyone\"(file:///Users/qctest/IdeaProjects/v5_AutomationTest/src/test/java/MetaFox/testFeature/core/AccountSetting/BrianActionOnAccountSettingIsNoOne.feature:20)\n"},"stage":"finished","steps":[{"name":"Given  the user logged in as \"brian\"","status":"passed","statusDetails":{"known":false,"muted":false,"flaky":false},"stage":"finished","steps":[],"attachments":[{"name":"By.xpath: //input[@placeholder='Enter your email address']","source":"74752f37-f658-4532-af5b-d4f8b5b1c13b-attachment"},{"name":"By.xpath: //div[@data-testid ='formSearch']","source":"0a7b4e4d-072a-45c1-91af-d2930612d558-attachment"}],"parameters":[],"start":1666266856529,"stop":1666266863351},{"name":"Then  I want to click on \"Account Settings\"","status":"passed","statusDetails":{"known":false,"muted":false,"flaky":false},"stage":"finished","steps":[],"attachments":[{"name":"By.xpath: //div[@data-testid ='menuAppBar']/div[5]/div","source":"908dd2fa-1888-466c-bd66-1f13638e78bb-attachment"},{"name":"By.xpath: //span[text()='Account Settings']","source":"ded40a85-586c-4a19-8e88-dcf5dd07d574-attachment"}],"parameters":[],"start":1666266863351,"stop":1666266867808},{"name":"And  the user action on \"Your Profile\"","status":"passed","statusDetails":{"known":false,"muted":false,"flaky":false},"stage":"finished","steps":[],"attachments":[{"name":"By.xpath: //span[text()='Your Profile']","source":"19b347ae-1dbb-42b6-b3be-8f5c018a7b8e-attachment"}],"parameters":[],"start":1666266867808,"stop":1666266868310},{"name":"And  the user select privacy at field \"Who can send you a friend request?\" and change to \"No One\"","status":"passed","statusDetails":{"known":false,"muted":false,"flaky":false},"stage":"finished","steps":[],"attachments":[{"name":"By.xpath: //div[@role ='button']","source":"469ad7ec-080e-405c-9f10-b56e94138f9c-attachment"},{"name":"By.xpath: //ul[@role = 'listbox']","source":"4f542d4f-a359-4e51-a502-685abeb3c0fd-attachment"}],"parameters":[],"start":1666266868311,"stop":1666266870653},{"name":"Then  the user see message \"coreUpdate\" displayed","status":"passed","statusDetails":{"known":false,"muted":false,"flaky":false},"stage":"finished","steps":[],"attachments":[],"parameters":[],"start":1666266870654,"stop":1666266871114},{"name":"And  I want to click on \"Logout\"","status":"passed","statusDetails":{"known":false,"muted":false,"flaky":false},"stage":"finished","steps":[],"attachments":[{"name":"By.xpath: //div[@data-testid ='menuAppBar']/div[5]/div","source":"f139ac98-0f24-4bb3-9b38-b86ee73c9684-attachment"},{"name":"By.xpath: //span[text()='Logout']","source":"8f542e1b-aa66-4f6e-a1b9-a98b4ac1d08f-attachment"}],"parameters":[],"start":1666266871115,"stop":1666266875086},{"name":"Then  the user logged in as \"terry\"","status":"passed","statusDetails":{"known":false,"muted":false,"flaky":false},"stage":"finished","steps":[],"attachments":[{"name":"By.xpath: //input[@placeholder='Enter your email address']","source":"e7cf04fa-3c65-4c26-b370-69825338b7ba-attachment"},{"name":"By.xpath: //div[@data-testid ='formSearch']","source":"dc8f0716-e2fd-4b94-b5fe-6026464c8837-attachment"}],"parameters":[],"start":1666266875086,"stop":1666266880926},{"name":"And  the user see search field \"Search\" and typing keys \"brian\"","status":"passed","statusDetails":{"known":false,"muted":false,"flaky":false},"stage":"finished","steps":[],"attachments":[{"name":"By.xpath: //input[@placeholder='Search']","source":"14fd5517-6a9b-46f1-bb8b-395636b0f73a-attachment"}],"parameters":[],"start":1666266880927,"stop":1666266881183},{"name":"And  the user click on element link text a \"Brian\"","status":"passed","statusDetails":{"known":false,"muted":false,"flaky":false},"stage":"finished","steps":[],"attachments":[{"name":"By.xpath: //a[text()='Brian']","source":"8b8369c1-d1c7-43c2-9b8c-4240360451ca-attachment"}],"parameters":[],"start":1666266881183,"stop":1666266884550},{"name":"Then  the user see button \"Message\" is displayed","status":"passed","statusDetails":{"known":false,"muted":false,"flaky":false},"stage":"finished","steps":[],"attachments":[{"name":"By.xpath: //button[text()='Message']","source":"2c59a00b-2ad8-4473-8fea-a37c2a6820df-attachment"}],"parameters":[],"start":1666266884551,"stop":1666266886313},{"name":"And  I want to click on \"Logout\"","status":"passed","statusDetails":{"known":false,"muted":false,"flaky":false},"stage":"finished","steps":[],"attachments":[{"name":"By.xpath: //div[@data-testid ='menuAppBar']/div[5]/div","source":"31535f31-306e-4312-b765-0bb4e66a7e01-attachment"},{"name":"By.xpath: //span[text()='Logout']","source":"c0a6a0ae-2a3e-42d0-b515-b99d54329698-attachment"}],"parameters":[],"start":1666266886313,"stop":1666266890408},{"name":"Then  the user logged in as \"brian\"","status":"passed","statusDetails":{"known":false,"muted":false,"flaky":false},"stage":"finished","steps":[],"attachments":[{"name":"By.xpath: //input[@placeholder='Enter your email address']","source":"00758e57-e3e4-4485-991f-e6bc903e9ff4-attachment"},{"name":"By.xpath: //div[@data-testid ='formSearch']","source":"abf46f82-a9ec-4e89-aee7-9b1e752ac0a8-attachment"}],"parameters":[],"start":1666266890408,"stop":1666266896351},{"name":"Then  I want to click on \"Account Settings\"","status":"passed","statusDetails":{"known":false,"muted":false,"flaky":false},"stage":"finished","steps":[],"attachments":[{"name":"By.xpath: //div[@data-testid ='menuAppBar']/div[5]/div","source":"3a501040-5c40-4189-b8b2-3354ff651946-attachment"},{"name":"By.xpath: //span[text()='Account Settings']","source":"fa1a8216-0030-451b-b22d-a22d722227e3-attachment"}],"parameters":[],"start":1666266896351,"stop":1666266900374},{"name":"And  the user action on \"Your Profile\"","status":"passed","statusDetails":{"known":false,"muted":false,"flaky":false},"stage":"finished","steps":[],"attachments":[{"name":"By.xpath: //span[text()='Your Profile']","source":"800d44e9-f95a-426b-8e36-b938bfa33b47-attachment"}],"parameters":[],"start":1666266900374,"stop":1666266900743},{"name":"And  the user select privacy at field \"Who can send you a friend request?\" and change to \"Anyone\"","status":"broken","statusDetails":{"known":false,"muted":false,"flaky":false,"message":"Unable to locate element: //div[@data-value='0']\nFor documentation on this error, please visit: https://www.seleniumhq.org/exceptions/no_such_element.html\nBuild info: version: '3.141.59', revision: 'e82be7d358', time: '2018-11-14T08:17:03'\nSystem info: host: 'ChauVMs-Mac-Mini.local', ip: 'fe80:0:0:0:148a:447a:c26b:9285%en0', os.name: 'Mac OS X', os.arch: 'x86_64', os.version: '10.16', java.version: '1.8.0_292'\nDriver info: org.openqa.selenium.firefox.FirefoxDriver\nCapabilities {acceptInsecureCerts: true, browserName: firefox, browserVersion: 105.0.3, javascriptEnabled: true, moz:accessibilityChecks: false, moz:buildID: 20221007134813, moz:geckodriverVersion: 0.31.0, moz:headless: false, moz:platformVersion: 21.6.0, moz:processID: 3506, moz:profile: /var/folders/5g/b1_nkj050kx..., moz:shutdownTimeout: 60000, moz:useNonSpecCompliantPointerOrigin: false, moz:webdriverClick: true, moz:windowless: false, pageLoadStrategy: normal, platform: MAC, platformName: MAC, proxy: Proxy(), setWindowRect: true, strictFileInteractability: false, timeouts: {implicit: 0, pageLoad: 300000, script: 30000}, unhandledPromptBehavior: dismiss and notify}\nSession ID: 2d23ee36-574e-4b98-93c5-417fea351246\n*** Element info: {Using=xpath, value=//div[@data-value='0']}","trace":"org.openqa.selenium.NoSuchElementException: Unable to locate element: //div[@data-value='0']\nFor documentation on this error, please visit: https://www.seleniumhq.org/exceptions/no_such_element.html\nBuild info: version: '3.141.59', revision: 'e82be7d358', time: '2018-11-14T08:17:03'\nSystem info: host: 'ChauVMs-Mac-Mini.local', ip: 'fe80:0:0:0:148a:447a:c26b:9285%en0', os.name: 'Mac OS X', os.arch: 'x86_64', os.version: '10.16', java.version: '1.8.0_292'\nDriver info: org.openqa.selenium.firefox.FirefoxDriver\nCapabilities {acceptInsecureCerts: true, browserName: firefox, browserVersion: 105.0.3, javascriptEnabled: true, moz:accessibilityChecks: false, moz:buildID: 20221007134813, moz:geckodriverVersion: 0.31.0, moz:headless: false, moz:platformVersion: 21.6.0, moz:processID: 3506, moz:profile: /var/folders/5g/b1_nkj050kx..., moz:shutdownTimeout: 60000, moz:useNonSpecCompliantPointerOrigin: false, moz:webdriverClick: true, moz:windowless: false, pageLoadStrategy: normal, platform: MAC, platformName: MAC, proxy: Proxy(), setWindowRect: true, strictFileInteractability: false, timeouts: {implicit: 0, pageLoad: 300000, script: 30000}, unhandledPromptBehavior: dismiss and notify}\nSession ID: 2d23ee36-574e-4b98-93c5-417fea351246\n*** Element info: {Using=xpath, value=//div[@data-value='0']}\n\tat sun.reflect.NativeConstructorAccessorImpl.newInstance0(Native Method)\n\tat sun.reflect.NativeConstructorAccessorImpl.newInstance(NativeConstructorAccessorImpl.java:62)\n\tat sun.reflect.DelegatingConstructorAccessorImpl.newInstance(DelegatingConstructorAccessorImpl.java:45)\n\tat java.lang.reflect.Constructor.newInstance(Constructor.java:423)\n\tat org.openqa.selenium.remote.http.W3CHttpResponseCodec.createException(W3CHttpResponseCodec.java:187)\n\tat org.openqa.selenium.remote.http.W3CHttpResponseCodec.decode(W3CHttpResponseCodec.java:122)\n\tat org.openqa.selenium.remote.http.W3CHttpResponseCodec.decode(W3CHttpResponseCodec.java:49)\n\tat org.openqa.selenium.remote.HttpCommandExecutor.execute(HttpCommandExecutor.java:158)\n\tat org.openqa.selenium.remote.service.DriverCommandExecutor.execute(DriverCommandExecutor.java:83)\n\tat org.openqa.selenium.remote.RemoteWebDriver.execute(RemoteWebDriver.java:552)\n\tat org.openqa.selenium.remote.RemoteWebDriver.findElement(RemoteWebDriver.java:323)\n\tat org.openqa.selenium.remote.RemoteWebDriver.findElementByXPath(RemoteWebDriver.java:428)\n\tat org.openqa.selenium.By$ByXPath.findElement(By.java:353)\n\tat org.openqa.selenium.remote.RemoteWebDriver.findElement(RemoteWebDriver.java:315)\n\tat MetaFox.pageObject.Components.componentsDivDataValue(Components.java:240)\n\tat MetaFox.stepDefined.AndStepDefinitions.selectPrivacy(AndStepDefinitions.java:241)\n\tat ✽.the user select privacy at field \"Who can send you a friend request?\" and change to \"Anyone\"(file:///Users/qctest/IdeaProjects/v5_AutomationTest/src/test/java/MetaFox/testFeature/core/AccountSetting/BrianActionOnAccountSettingIsNoOne.feature:20)\n"},"stage":"finished","steps":[],"attachments":[{"name":"By.xpath: //div[@role ='button']","source":"b12d3e03-1446-4fa5-9f3a-557bcadbcaed-attachment"},{"name":"By.xpath: //ul[@role = 'listbox']","source":"7bf2b7a9-c5bd-4f87-a3e5-06ed0ad61fdb-attachment"}],"parameters":[],"start":1666266900743,"stop":1666266913422},{"name":"Then  the user see message \"Setting updated successfully\" displayed","status":"skipped","statusDetails":{"known":false,"muted":false,"flaky":false},"stage":"finished","steps":[],"attachments":[],"parameters":[],"start":1666266913423,"stop":1666266913425}],"attachments":[],"parameters":[],"start":1666266848877,"stop":1666266917354}