{"uuid":"675d0732-161c-4989-8bb2-2229e1275202","historyId":"8538645bdbfb3f51ce2c6ec5f4a11318","fullName":"Brian process on multiple choice polls: Brian Search Poll","labels":[{"name":"tag","value":"MetaFox"},{"name":"tag","value":"polls"},{"name":"tag","value":"multiplePollFunction_Brian"},{"name":"tag","value":"BrainSearchMultipleChoicePoll"},{"name":"host","value":"ChauVMs-Mac-Mini.local"},{"name":"thread","value":"1945@ChauVMs-Mac-Mini.local.main(1)"},{"name":"feature","value":"Brian process on multiple choice polls"},{"name":"story","value":"Brian Search Poll"},{"name":"suite","value":"Brian process on multiple choice polls"},{"name":"testClass","value":"Brian Search Poll"},{"name":"framework","value":"cucumber4jvm"},{"name":"language","value":"java"},{"name":"gherkin_uri","value":"file:///Users/qctest/IdeaProjects/v5_AutomationTest/src/test/java/MetaFox/testFeature/poll/BrainActionOnMultiChoicePolls.feature"},{"name":"package","value":"src.test.java.MetaFox.testFeature.poll.BrainActionOnMultiChoicePolls_feature.Brian process on multiple choice polls"}],"links":[],"name":"Brian Search Poll","status":"broken","statusDetails":{"known":false,"muted":false,"flaky":false,"message":"Unable to locate element: //h4[@data-testid='itemTitle']/a\nFor documentation on this error, please visit: https://www.seleniumhq.org/exceptions/no_such_element.html\nBuild info: version: '3.141.59', revision: 'e82be7d358', time: '2018-11-14T08:17:03'\nSystem info: host: 'ChauVMs-Mac-Mini.local', ip: 'fe80:0:0:0:148a:447a:c26b:9285%en0', os.name: 'Mac OS X', os.arch: 'x86_64', os.version: '10.16', java.version: '1.8.0_292'\nDriver info: org.openqa.selenium.firefox.FirefoxDriver\nCapabilities {acceptInsecureCerts: true, browserName: firefox, browserVersion: 105.0.3, javascriptEnabled: true, moz:accessibilityChecks: false, moz:buildID: 20221007134813, moz:geckodriverVersion: 0.31.0, moz:headless: false, moz:platformVersion: 21.6.0, moz:processID: 1962, moz:profile: /var/folders/5g/b1_nkj050kx..., moz:shutdownTimeout: 60000, moz:useNonSpecCompliantPointerOrigin: false, moz:webdriverClick: true, moz:windowless: false, pageLoadStrategy: normal, platform: MAC, platformName: MAC, proxy: Proxy(), setWindowRect: true, strictFileInteractability: false, timeouts: {implicit: 0, pageLoad: 300000, script: 30000}, unhandledPromptBehavior: dismiss and notify}\nSession ID: 69916567-2d08-493a-a5a0-6edd107573bb\n*** Element info: {Using=xpath, value=//h4[@data-testid='itemTitle']/a}","trace":"org.openqa.selenium.NoSuchElementException: Unable to locate element: //h4[@data-testid='itemTitle']/a\nFor documentation on this error, please visit: https://www.seleniumhq.org/exceptions/no_such_element.html\nBuild info: version: '3.141.59', revision: 'e82be7d358', time: '2018-11-14T08:17:03'\nSystem info: host: 'ChauVMs-Mac-Mini.local', ip: 'fe80:0:0:0:148a:447a:c26b:9285%en0', os.name: 'Mac OS X', os.arch: 'x86_64', os.version: '10.16', java.version: '1.8.0_292'\nDriver info: org.openqa.selenium.firefox.FirefoxDriver\nCapabilities {acceptInsecureCerts: true, browserName: firefox, browserVersion: 105.0.3, javascriptEnabled: true, moz:accessibilityChecks: false, moz:buildID: 20221007134813, moz:geckodriverVersion: 0.31.0, moz:headless: false, moz:platformVersion: 21.6.0, moz:processID: 1962, moz:profile: /var/folders/5g/b1_nkj050kx..., moz:shutdownTimeout: 60000, moz:useNonSpecCompliantPointerOrigin: false, moz:webdriverClick: true, moz:windowless: false, pageLoadStrategy: normal, platform: MAC, platformName: MAC, proxy: Proxy(), setWindowRect: true, strictFileInteractability: false, timeouts: {implicit: 0, pageLoad: 300000, script: 30000}, unhandledPromptBehavior: dismiss and notify}\nSession ID: 69916567-2d08-493a-a5a0-6edd107573bb\n*** Element info: {Using=xpath, value=//h4[@data-testid='itemTitle']/a}\n\tat sun.reflect.NativeConstructorAccessorImpl.newInstance0(Native Method)\n\tat sun.reflect.NativeConstructorAccessorImpl.newInstance(NativeConstructorAccessorImpl.java:62)\n\tat sun.reflect.DelegatingConstructorAccessorImpl.newInstance(DelegatingConstructorAccessorImpl.java:45)\n\tat java.lang.reflect.Constructor.newInstance(Constructor.java:423)\n\tat org.openqa.selenium.remote.http.W3CHttpResponseCodec.createException(W3CHttpResponseCodec.java:187)\n\tat org.openqa.selenium.remote.http.W3CHttpResponseCodec.decode(W3CHttpResponseCodec.java:122)\n\tat org.openqa.selenium.remote.http.W3CHttpResponseCodec.decode(W3CHttpResponseCodec.java:49)\n\tat org.openqa.selenium.remote.HttpCommandExecutor.execute(HttpCommandExecutor.java:158)\n\tat org.openqa.selenium.remote.service.DriverCommandExecutor.execute(DriverCommandExecutor.java:83)\n\tat org.openqa.selenium.remote.RemoteWebDriver.execute(RemoteWebDriver.java:552)\n\tat org.openqa.selenium.remote.RemoteWebDriver.findElement(RemoteWebDriver.java:323)\n\tat org.openqa.selenium.remote.RemoteWebDriver.findElementByXPath(RemoteWebDriver.java:428)\n\tat org.openqa.selenium.By$ByXPath.findElement(By.java:353)\n\tat org.openqa.selenium.remote.RemoteWebDriver.findElement(RemoteWebDriver.java:315)\n\tat MetaFox.pageObject.Components.componentH4DataTestID(Components.java:577)\n\tat MetaFox.stepDefined.ThenStepDefinitions.clickOnTitle(ThenStepDefinitions.java:405)\n\tat ✽.the user want to click on title \"itemTitle\" and process(file:///Users/qctest/IdeaProjects/v5_AutomationTest/src/test/java/MetaFox/testFeature/poll/BrainActionOnMultiChoicePolls.feature:25)\n"},"stage":"finished","steps":[{"name":"Given  the user logged in as \"brian\"","status":"passed","statusDetails":{"known":false,"muted":false,"flaky":false},"stage":"finished","steps":[],"attachments":[{"name":"By.xpath: //input[@placeholder='Enter your email address']","source":"ef916971-9538-4aae-b68c-0157281c20a7-attachment"},{"name":"By.xpath: //div[@data-testid ='formSearch']","source":"6dce7d26-854f-4a43-a7fe-bb3485957d94-attachment"}],"parameters":[],"start":1666255489841,"stop":1666255496599},{"name":"When  the user action on \"More\"","status":"passed","statusDetails":{"known":false,"muted":false,"flaky":false},"stage":"finished","steps":[],"attachments":[{"name":"By.xpath: //span[text()='More']","source":"54379344-8e26-4bef-992c-f3b9b5b14a26-attachment"}],"parameters":[],"start":1666255496602,"stop":1666255497021},{"name":"When  the browser opened at item \"poll\" and tab \"\"","status":"passed","statusDetails":{"known":false,"muted":false,"flaky":false},"stage":"finished","steps":[],"attachments":[{"name":"By.xpath: //a[contains(@href, 'poll')]","source":"caeaf229-f72d-4e14-ad9a-d658e618a8fd-attachment"}],"parameters":[],"start":1666255497023,"stop":1666255507342},{"name":"And  the user see search field \"Search polls\" and typing keys \"Polls\"","status":"passed","statusDetails":{"known":false,"muted":false,"flaky":false},"stage":"finished","steps":[],"attachments":[{"name":"By.xpath: //input[@placeholder='Search polls']","source":"18fa6c32-19df-4316-95df-80d1138e014f-attachment"}],"parameters":[],"start":1666255507343,"stop":1666255507907},{"name":"And  the user want to click on title \"itemTitle\" and process","status":"broken","statusDetails":{"known":false,"muted":false,"flaky":false,"message":"Unable to locate element: //h4[@data-testid='itemTitle']/a\nFor documentation on this error, please visit: https://www.seleniumhq.org/exceptions/no_such_element.html\nBuild info: version: '3.141.59', revision: 'e82be7d358', time: '2018-11-14T08:17:03'\nSystem info: host: 'ChauVMs-Mac-Mini.local', ip: 'fe80:0:0:0:148a:447a:c26b:9285%en0', os.name: 'Mac OS X', os.arch: 'x86_64', os.version: '10.16', java.version: '1.8.0_292'\nDriver info: org.openqa.selenium.firefox.FirefoxDriver\nCapabilities {acceptInsecureCerts: true, browserName: firefox, browserVersion: 105.0.3, javascriptEnabled: true, moz:accessibilityChecks: false, moz:buildID: 20221007134813, moz:geckodriverVersion: 0.31.0, moz:headless: false, moz:platformVersion: 21.6.0, moz:processID: 1962, moz:profile: /var/folders/5g/b1_nkj050kx..., moz:shutdownTimeout: 60000, moz:useNonSpecCompliantPointerOrigin: false, moz:webdriverClick: true, moz:windowless: false, pageLoadStrategy: normal, platform: MAC, platformName: MAC, proxy: Proxy(), setWindowRect: true, strictFileInteractability: false, timeouts: {implicit: 0, pageLoad: 300000, script: 30000}, unhandledPromptBehavior: dismiss and notify}\nSession ID: 69916567-2d08-493a-a5a0-6edd107573bb\n*** Element info: {Using=xpath, value=//h4[@data-testid='itemTitle']/a}","trace":"org.openqa.selenium.NoSuchElementException: Unable to locate element: //h4[@data-testid='itemTitle']/a\nFor documentation on this error, please visit: https://www.seleniumhq.org/exceptions/no_such_element.html\nBuild info: version: '3.141.59', revision: 'e82be7d358', time: '2018-11-14T08:17:03'\nSystem info: host: 'ChauVMs-Mac-Mini.local', ip: 'fe80:0:0:0:148a:447a:c26b:9285%en0', os.name: 'Mac OS X', os.arch: 'x86_64', os.version: '10.16', java.version: '1.8.0_292'\nDriver info: org.openqa.selenium.firefox.FirefoxDriver\nCapabilities {acceptInsecureCerts: true, browserName: firefox, browserVersion: 105.0.3, javascriptEnabled: true, moz:accessibilityChecks: false, moz:buildID: 20221007134813, moz:geckodriverVersion: 0.31.0, moz:headless: false, moz:platformVersion: 21.6.0, moz:processID: 1962, moz:profile: /var/folders/5g/b1_nkj050kx..., moz:shutdownTimeout: 60000, moz:useNonSpecCompliantPointerOrigin: false, moz:webdriverClick: true, moz:windowless: false, pageLoadStrategy: normal, platform: MAC, platformName: MAC, proxy: Proxy(), setWindowRect: true, strictFileInteractability: false, timeouts: {implicit: 0, pageLoad: 300000, script: 30000}, unhandledPromptBehavior: dismiss and notify}\nSession ID: 69916567-2d08-493a-a5a0-6edd107573bb\n*** Element info: {Using=xpath, value=//h4[@data-testid='itemTitle']/a}\n\tat sun.reflect.NativeConstructorAccessorImpl.newInstance0(Native Method)\n\tat sun.reflect.NativeConstructorAccessorImpl.newInstance(NativeConstructorAccessorImpl.java:62)\n\tat sun.reflect.DelegatingConstructorAccessorImpl.newInstance(DelegatingConstructorAccessorImpl.java:45)\n\tat java.lang.reflect.Constructor.newInstance(Constructor.java:423)\n\tat org.openqa.selenium.remote.http.W3CHttpResponseCodec.createException(W3CHttpResponseCodec.java:187)\n\tat org.openqa.selenium.remote.http.W3CHttpResponseCodec.decode(W3CHttpResponseCodec.java:122)\n\tat org.openqa.selenium.remote.http.W3CHttpResponseCodec.decode(W3CHttpResponseCodec.java:49)\n\tat org.openqa.selenium.remote.HttpCommandExecutor.execute(HttpCommandExecutor.java:158)\n\tat org.openqa.selenium.remote.service.DriverCommandExecutor.execute(DriverCommandExecutor.java:83)\n\tat org.openqa.selenium.remote.RemoteWebDriver.execute(RemoteWebDriver.java:552)\n\tat org.openqa.selenium.remote.RemoteWebDriver.findElement(RemoteWebDriver.java:323)\n\tat org.openqa.selenium.remote.RemoteWebDriver.findElementByXPath(RemoteWebDriver.java:428)\n\tat org.openqa.selenium.By$ByXPath.findElement(By.java:353)\n\tat org.openqa.selenium.remote.RemoteWebDriver.findElement(RemoteWebDriver.java:315)\n\tat MetaFox.pageObject.Components.componentH4DataTestID(Components.java:577)\n\tat MetaFox.stepDefined.ThenStepDefinitions.clickOnTitle(ThenStepDefinitions.java:405)\n\tat ✽.the user want to click on title \"itemTitle\" and process(file:///Users/qctest/IdeaProjects/v5_AutomationTest/src/test/java/MetaFox/testFeature/poll/BrainActionOnMultiChoicePolls.feature:25)\n"},"stage":"finished","steps":[],"attachments":[{"name":"By.xpath: //h4[@data-testid='itemTitle']","source":"f95dbbbc-587c-47ed-b1c0-1d2cf5053e54-attachment"}],"parameters":[],"start":1666255507908,"stop":1666255521102},{"name":"Then  the user see title \"IsThisAutoPoll\" is displayed","status":"skipped","statusDetails":{"known":false,"muted":false,"flaky":false},"stage":"finished","steps":[],"attachments":[],"parameters":[],"start":1666255521106,"stop":1666255521106}],"attachments":[],"parameters":[],"start":1666255483599,"stop":1666255525052}