{"uuid":"73d9d20a-a9ba-4b75-a58f-2a8cdb17e10c","historyId":"ca8b33b572eed469c1e772bc23238b81","fullName":"Brain Process On Closed Groups: Brian Approve Another User Join Closed Group","labels":[{"name":"tag","value":"MetaFox"},{"name":"tag","value":"group"},{"name":"tag","value":"brianActionOnClosedGroup"},{"name":"tag","value":"BrianApproveAnotherUserJoinClosedGroup"},{"name":"host","value":"ChauVMs-Mac-Mini.local"},{"name":"thread","value":"4476@ChauVMs-Mac-Mini.local.main(1)"},{"name":"feature","value":"Brain Process On Closed Groups"},{"name":"story","value":"Brian Approve Another User Join Closed Group"},{"name":"suite","value":"Brain Process On Closed Groups"},{"name":"testClass","value":"Brian Approve Another User Join Closed Group"},{"name":"framework","value":"cucumber4jvm"},{"name":"language","value":"java"},{"name":"gherkin_uri","value":"file:///Users/qctest/IdeaProjects/v5_AutomationTest/src/test/java/MetaFox/testFeature/group/BrianActionOnClosedGroup.feature"},{"name":"package","value":"src.test.java.MetaFox.testFeature.group.BrianActionOnClosedGroup_feature.Brain Process On Closed Groups"}],"links":[],"name":"Brian Approve Another User Join Closed Group","status":"broken","statusDetails":{"known":false,"muted":false,"flaky":false,"message":"Unable to locate element: //p[text()='Join Group']\nFor documentation on this error, please visit: https://www.seleniumhq.org/exceptions/no_such_element.html\nBuild info: version: '3.141.59', revision: 'e82be7d358', time: '2018-11-14T08:17:03'\nSystem info: host: 'ChauVMs-Mac-Mini.local', ip: 'fe80:0:0:0:1ce7:410d:8073:3fb5%en0', os.name: 'Mac OS X', os.arch: 'x86_64', os.version: '10.16', java.version: '1.8.0_292'\nDriver info: org.openqa.selenium.firefox.FirefoxDriver\nCapabilities {acceptInsecureCerts: true, browserName: firefox, browserVersion: 105.0.3, javascriptEnabled: true, moz:accessibilityChecks: false, moz:buildID: 20221007134813, moz:geckodriverVersion: 0.31.0, moz:headless: false, moz:platformVersion: 21.6.0, moz:processID: 4510, moz:profile: /var/folders/5g/b1_nkj050kx..., moz:shutdownTimeout: 60000, moz:useNonSpecCompliantPointerOrigin: false, moz:webdriverClick: true, moz:windowless: false, pageLoadStrategy: normal, platform: MAC, platformName: MAC, proxy: Proxy(), setWindowRect: true, strictFileInteractability: false, timeouts: {implicit: 0, pageLoad: 300000, script: 30000}, unhandledPromptBehavior: dismiss and notify}\nSession ID: a91d8721-7b86-4f42-8158-6a9acde76aad\n*** Element info: {Using=xpath, value=//p[text()='Join Group']}","trace":"org.openqa.selenium.NoSuchElementException: Unable to locate element: //p[text()='Join Group']\nFor documentation on this error, please visit: https://www.seleniumhq.org/exceptions/no_such_element.html\nBuild info: version: '3.141.59', revision: 'e82be7d358', time: '2018-11-14T08:17:03'\nSystem info: host: 'ChauVMs-Mac-Mini.local', ip: 'fe80:0:0:0:1ce7:410d:8073:3fb5%en0', os.name: 'Mac OS X', os.arch: 'x86_64', os.version: '10.16', java.version: '1.8.0_292'\nDriver info: org.openqa.selenium.firefox.FirefoxDriver\nCapabilities {acceptInsecureCerts: true, browserName: firefox, browserVersion: 105.0.3, javascriptEnabled: true, moz:accessibilityChecks: false, moz:buildID: 20221007134813, moz:geckodriverVersion: 0.31.0, moz:headless: false, moz:platformVersion: 21.6.0, moz:processID: 4510, moz:profile: /var/folders/5g/b1_nkj050kx..., moz:shutdownTimeout: 60000, moz:useNonSpecCompliantPointerOrigin: false, moz:webdriverClick: true, moz:windowless: false, pageLoadStrategy: normal, platform: MAC, platformName: MAC, proxy: Proxy(), setWindowRect: true, strictFileInteractability: false, timeouts: {implicit: 0, pageLoad: 300000, script: 30000}, unhandledPromptBehavior: dismiss and notify}\nSession ID: a91d8721-7b86-4f42-8158-6a9acde76aad\n*** Element info: {Using=xpath, value=//p[text()='Join Group']}\n\tat sun.reflect.NativeConstructorAccessorImpl.newInstance0(Native Method)\n\tat sun.reflect.NativeConstructorAccessorImpl.newInstance(NativeConstructorAccessorImpl.java:62)\n\tat sun.reflect.DelegatingConstructorAccessorImpl.newInstance(DelegatingConstructorAccessorImpl.java:45)\n\tat java.lang.reflect.Constructor.newInstance(Constructor.java:423)\n\tat org.openqa.selenium.remote.http.W3CHttpResponseCodec.createException(W3CHttpResponseCodec.java:187)\n\tat org.openqa.selenium.remote.http.W3CHttpResponseCodec.decode(W3CHttpResponseCodec.java:122)\n\tat org.openqa.selenium.remote.http.W3CHttpResponseCodec.decode(W3CHttpResponseCodec.java:49)\n\tat org.openqa.selenium.remote.HttpCommandExecutor.execute(HttpCommandExecutor.java:158)\n\tat org.openqa.selenium.remote.service.DriverCommandExecutor.execute(DriverCommandExecutor.java:83)\n\tat org.openqa.selenium.remote.RemoteWebDriver.execute(RemoteWebDriver.java:552)\n\tat org.openqa.selenium.remote.RemoteWebDriver.findElement(RemoteWebDriver.java:323)\n\tat org.openqa.selenium.remote.RemoteWebDriver.findElementByXPath(RemoteWebDriver.java:428)\n\tat org.openqa.selenium.By$ByXPath.findElement(By.java:353)\n\tat org.openqa.selenium.remote.RemoteWebDriver.findElement(RemoteWebDriver.java:315)\n\tat MetaFox.pageObject.Components.componentPText(Components.java:188)\n\tat MetaFox.stepDefined.WhenStepDefinitions.clickOnPText(WhenStepDefinitions.java:394)\n\tat ✽.the user click on the \"Join Group\" on page(file:///Users/qctest/IdeaProjects/v5_AutomationTest/src/test/java/MetaFox/testFeature/group/BrianActionOnClosedGroup.feature:32)\n"},"stage":"finished","steps":[{"name":"Given  the user logged in as \"terry\"","status":"passed","statusDetails":{"known":false,"muted":false,"flaky":false},"stage":"finished","steps":[],"attachments":[{"name":"By.xpath: //input[@placeholder='Enter your email address']","source":"d1abadf0-259f-453f-b0f3-28bc4d18ccca-attachment"},{"name":"By.xpath: //div[@data-testid ='formSearch']","source":"6dd98fb1-782a-4226-8dd4-5879a01f7a3c-attachment"}],"parameters":[],"start":1666602433399,"stop":1666602439407},{"name":"When  the user action on \"More\"","status":"passed","statusDetails":{"known":false,"muted":false,"flaky":false},"stage":"finished","steps":[],"attachments":[{"name":"By.xpath: //span[text()='More']","source":"c624eeea-bc07-44f4-af7d-e7bb433cb067-attachment"}],"parameters":[],"start":1666602439408,"stop":1666602439901},{"name":"Then  the browser opened at item \"group\" and tab \"\"","status":"passed","statusDetails":{"known":false,"muted":false,"flaky":false},"stage":"finished","steps":[],"attachments":[{"name":"By.xpath: //a[contains(@href, 'group')]","source":"903f555f-7d4f-4a10-a821-54f452e70922-attachment"}],"parameters":[],"start":1666602439903,"stop":1666602449596},{"name":"And  the user see search field \"Search groups\" and typing keys \"TestAutoClosedGroup\"","status":"passed","statusDetails":{"known":false,"muted":false,"flaky":false},"stage":"finished","steps":[],"attachments":[{"name":"By.xpath: //input[@placeholder='Search groups']","source":"89adaba9-4e15-47ca-8849-097bc8fca333-attachment"}],"parameters":[],"start":1666602449596,"stop":1666602450199},{"name":"And  the user want to click on title \"itemTitle\" and process","status":"passed","statusDetails":{"known":false,"muted":false,"flaky":false},"stage":"finished","steps":[],"attachments":[{"name":"By.xpath: //h4[@data-testid='itemTitle']","source":"6e27dca2-df65-4602-9108-2626d5c23fa7-attachment"}],"parameters":[],"start":1666602450202,"stop":1666602456884},{"name":"When  the user click on the \"Join Group\" on page","status":"broken","statusDetails":{"known":false,"muted":false,"flaky":false,"message":"Unable to locate element: //p[text()='Join Group']\nFor documentation on this error, please visit: https://www.seleniumhq.org/exceptions/no_such_element.html\nBuild info: version: '3.141.59', revision: 'e82be7d358', time: '2018-11-14T08:17:03'\nSystem info: host: 'ChauVMs-Mac-Mini.local', ip: 'fe80:0:0:0:1ce7:410d:8073:3fb5%en0', os.name: 'Mac OS X', os.arch: 'x86_64', os.version: '10.16', java.version: '1.8.0_292'\nDriver info: org.openqa.selenium.firefox.FirefoxDriver\nCapabilities {acceptInsecureCerts: true, browserName: firefox, browserVersion: 105.0.3, javascriptEnabled: true, moz:accessibilityChecks: false, moz:buildID: 20221007134813, moz:geckodriverVersion: 0.31.0, moz:headless: false, moz:platformVersion: 21.6.0, moz:processID: 4510, moz:profile: /var/folders/5g/b1_nkj050kx..., moz:shutdownTimeout: 60000, moz:useNonSpecCompliantPointerOrigin: false, moz:webdriverClick: true, moz:windowless: false, pageLoadStrategy: normal, platform: MAC, platformName: MAC, proxy: Proxy(), setWindowRect: true, strictFileInteractability: false, timeouts: {implicit: 0, pageLoad: 300000, script: 30000}, unhandledPromptBehavior: dismiss and notify}\nSession ID: a91d8721-7b86-4f42-8158-6a9acde76aad\n*** Element info: {Using=xpath, value=//p[text()='Join Group']}","trace":"org.openqa.selenium.NoSuchElementException: Unable to locate element: //p[text()='Join Group']\nFor documentation on this error, please visit: https://www.seleniumhq.org/exceptions/no_such_element.html\nBuild info: version: '3.141.59', revision: 'e82be7d358', time: '2018-11-14T08:17:03'\nSystem info: host: 'ChauVMs-Mac-Mini.local', ip: 'fe80:0:0:0:1ce7:410d:8073:3fb5%en0', os.name: 'Mac OS X', os.arch: 'x86_64', os.version: '10.16', java.version: '1.8.0_292'\nDriver info: org.openqa.selenium.firefox.FirefoxDriver\nCapabilities {acceptInsecureCerts: true, browserName: firefox, browserVersion: 105.0.3, javascriptEnabled: true, moz:accessibilityChecks: false, moz:buildID: 20221007134813, moz:geckodriverVersion: 0.31.0, moz:headless: false, moz:platformVersion: 21.6.0, moz:processID: 4510, moz:profile: /var/folders/5g/b1_nkj050kx..., moz:shutdownTimeout: 60000, moz:useNonSpecCompliantPointerOrigin: false, moz:webdriverClick: true, moz:windowless: false, pageLoadStrategy: normal, platform: MAC, platformName: MAC, proxy: Proxy(), setWindowRect: true, strictFileInteractability: false, timeouts: {implicit: 0, pageLoad: 300000, script: 30000}, unhandledPromptBehavior: dismiss and notify}\nSession ID: a91d8721-7b86-4f42-8158-6a9acde76aad\n*** Element info: {Using=xpath, value=//p[text()='Join Group']}\n\tat sun.reflect.NativeConstructorAccessorImpl.newInstance0(Native Method)\n\tat sun.reflect.NativeConstructorAccessorImpl.newInstance(NativeConstructorAccessorImpl.java:62)\n\tat sun.reflect.DelegatingConstructorAccessorImpl.newInstance(DelegatingConstructorAccessorImpl.java:45)\n\tat java.lang.reflect.Constructor.newInstance(Constructor.java:423)\n\tat org.openqa.selenium.remote.http.W3CHttpResponseCodec.createException(W3CHttpResponseCodec.java:187)\n\tat org.openqa.selenium.remote.http.W3CHttpResponseCodec.decode(W3CHttpResponseCodec.java:122)\n\tat org.openqa.selenium.remote.http.W3CHttpResponseCodec.decode(W3CHttpResponseCodec.java:49)\n\tat org.openqa.selenium.remote.HttpCommandExecutor.execute(HttpCommandExecutor.java:158)\n\tat org.openqa.selenium.remote.service.DriverCommandExecutor.execute(DriverCommandExecutor.java:83)\n\tat org.openqa.selenium.remote.RemoteWebDriver.execute(RemoteWebDriver.java:552)\n\tat org.openqa.selenium.remote.RemoteWebDriver.findElement(RemoteWebDriver.java:323)\n\tat org.openqa.selenium.remote.RemoteWebDriver.findElementByXPath(RemoteWebDriver.java:428)\n\tat org.openqa.selenium.By$ByXPath.findElement(By.java:353)\n\tat org.openqa.selenium.remote.RemoteWebDriver.findElement(RemoteWebDriver.java:315)\n\tat MetaFox.pageObject.Components.componentPText(Components.java:188)\n\tat MetaFox.stepDefined.WhenStepDefinitions.clickOnPText(WhenStepDefinitions.java:394)\n\tat ✽.the user click on the \"Join Group\" on page(file:///Users/qctest/IdeaProjects/v5_AutomationTest/src/test/java/MetaFox/testFeature/group/BrianActionOnClosedGroup.feature:32)\n"},"stage":"finished","steps":[],"attachments":[],"parameters":[],"start":1666602456885,"stop":1666602471916},{"name":"Then  the user see button \"Pending Request\" is displayed","status":"skipped","statusDetails":{"known":false,"muted":false,"flaky":false},"stage":"finished","steps":[],"attachments":[],"parameters":[],"start":1666602471917,"stop":1666602471918},{"name":"And  I want to click on \"Logout\"","status":"skipped","statusDetails":{"known":false,"muted":false,"flaky":false},"stage":"finished","steps":[],"attachments":[],"parameters":[],"start":1666602471918,"stop":1666602471918},{"name":"Given  the user logged in as \"brian\"","status":"skipped","statusDetails":{"known":false,"muted":false,"flaky":false},"stage":"finished","steps":[],"attachments":[],"parameters":[],"start":1666602471919,"stop":1666602471919},{"name":"When  the user \"new_notification\" this item","status":"skipped","statusDetails":{"known":false,"muted":false,"flaky":false},"stage":"finished","steps":[],"attachments":[],"parameters":[],"start":1666602471919,"stop":1666602471919},{"name":"Then  the user click on notification \"requested to join TestAutoClosedGroup\" and process","status":"skipped","statusDetails":{"known":false,"muted":false,"flaky":false},"stage":"finished","steps":[],"attachments":[],"parameters":[],"start":1666602471920,"stop":1666602471920},{"name":"And  the user want to click on list button label \"PENDING REQUESTS\" and process","status":"skipped","statusDetails":{"known":false,"muted":false,"flaky":false},"stage":"finished","steps":[],"attachments":[],"parameters":[],"start":1666602471920,"stop":1666602471920},{"name":"When  the user want to edit \"itemview group_request\"","status":"skipped","statusDetails":{"known":false,"muted":false,"flaky":false},"stage":"finished","steps":[],"attachments":[],"parameters":[],"start":1666602471921,"stop":1666602471921},{"name":"Then  the user see message \"Terry has been accepted.\" displayed","status":"skipped","statusDetails":{"known":false,"muted":false,"flaky":false},"stage":"finished","steps":[],"attachments":[],"parameters":[],"start":1666602471921,"stop":1666602471922},{"name":"Then  I want to click on \"Logout\"","status":"skipped","statusDetails":{"known":false,"muted":false,"flaky":false},"stage":"finished","steps":[],"attachments":[],"parameters":[],"start":1666602471922,"stop":1666602471922},{"name":"Given  the user logged in as \"terry\"","status":"skipped","statusDetails":{"known":false,"muted":false,"flaky":false},"stage":"finished","steps":[],"attachments":[],"parameters":[],"start":1666602471922,"stop":1666602471923},{"name":"Then  the user \"new_notification\" this item","status":"skipped","statusDetails":{"known":false,"muted":false,"flaky":false},"stage":"finished","steps":[],"attachments":[],"parameters":[],"start":1666602471923,"stop":1666602471923},{"name":"And  the user click on notification \"An admin has approved your request to join the group.\" and process","status":"skipped","statusDetails":{"known":false,"muted":false,"flaky":false},"stage":"finished","steps":[],"attachments":[],"parameters":[],"start":1666602471923,"stop":1666602471924},{"name":"Then  the user see button \"Joined\" is displayed","status":"skipped","statusDetails":{"known":false,"muted":false,"flaky":false},"stage":"finished","steps":[],"attachments":[],"parameters":[],"start":1666602471924,"stop":1666602471924}],"attachments":[],"parameters":[],"start":1666602424954,"stop":1666602476418}