{"uuid":"773dc05e-659d-474d-b479-8a3c1a6a9cf0","historyId":"1958f098fa3ce0632e19c168e821500e","fullName":"Brain Process On Public Groups: Brain Add MemberShip Question","labels":[{"name":"tag","value":"MetaFox"},{"name":"tag","value":"group"},{"name":"tag","value":"brianActionOnPublicGroups"},{"name":"tag","value":"BrianAddMemberShipQuestion"},{"name":"host","value":"ChauVMs-Mac-Mini.local"},{"name":"thread","value":"4282@ChauVMs-Mac-Mini.local.main(1)"},{"name":"feature","value":"Brain Process On Public Groups"},{"name":"story","value":"Brain Add MemberShip Question"},{"name":"suite","value":"Brain Process On Public Groups"},{"name":"testClass","value":"Brain Add MemberShip Question"},{"name":"framework","value":"cucumber4jvm"},{"name":"language","value":"java"},{"name":"gherkin_uri","value":"file:///Users/qctest/IdeaProjects/v5_AutomationTest/src/test/java/MetaFox/testFeature/group/BrainActionOnPublicGroups.feature"},{"name":"package","value":"src.test.java.MetaFox.testFeature.group.BrainActionOnPublicGroups_feature.Brain Process On Public Groups"}],"links":[],"name":"Brain Add MemberShip Question","status":"broken","statusDetails":{"known":false,"muted":false,"flaky":false,"message":"Unable to locate element: //input[@placeholder='Short answer']\nFor documentation on this error, please visit: https://www.seleniumhq.org/exceptions/no_such_element.html\nBuild info: version: '3.141.59', revision: 'e82be7d358', time: '2018-11-14T08:17:03'\nSystem info: host: 'ChauVMs-Mac-Mini.local', ip: 'fe80:0:0:0:1ce7:410d:8073:3fb5%en0', os.name: 'Mac OS X', os.arch: 'x86_64', os.version: '10.16', java.version: '1.8.0_292'\nDriver info: org.openqa.selenium.firefox.FirefoxDriver\nCapabilities {acceptInsecureCerts: true, browserName: firefox, browserVersion: 105.0.3, javascriptEnabled: true, moz:accessibilityChecks: false, moz:buildID: 20221007134813, moz:geckodriverVersion: 0.31.0, moz:headless: false, moz:platformVersion: 21.6.0, moz:processID: 4284, moz:profile: /var/folders/5g/b1_nkj050kx..., moz:shutdownTimeout: 60000, moz:useNonSpecCompliantPointerOrigin: false, moz:webdriverClick: true, moz:windowless: false, pageLoadStrategy: normal, platform: MAC, platformName: MAC, proxy: Proxy(), setWindowRect: true, strictFileInteractability: false, timeouts: {implicit: 0, pageLoad: 300000, script: 30000}, unhandledPromptBehavior: dismiss and notify}\nSession ID: 1a39c333-3f49-45ad-b27e-1fc2b1b9e207\n*** Element info: {Using=xpath, value=//input[@placeholder='Short answer']}","trace":"org.openqa.selenium.NoSuchElementException: Unable to locate element: //input[@placeholder='Short answer']\nFor documentation on this error, please visit: https://www.seleniumhq.org/exceptions/no_such_element.html\nBuild info: version: '3.141.59', revision: 'e82be7d358', time: '2018-11-14T08:17:03'\nSystem info: host: 'ChauVMs-Mac-Mini.local', ip: 'fe80:0:0:0:1ce7:410d:8073:3fb5%en0', os.name: 'Mac OS X', os.arch: 'x86_64', os.version: '10.16', java.version: '1.8.0_292'\nDriver info: org.openqa.selenium.firefox.FirefoxDriver\nCapabilities {acceptInsecureCerts: true, browserName: firefox, browserVersion: 105.0.3, javascriptEnabled: true, moz:accessibilityChecks: false, moz:buildID: 20221007134813, moz:geckodriverVersion: 0.31.0, moz:headless: false, moz:platformVersion: 21.6.0, moz:processID: 4284, moz:profile: /var/folders/5g/b1_nkj050kx..., moz:shutdownTimeout: 60000, moz:useNonSpecCompliantPointerOrigin: false, moz:webdriverClick: true, moz:windowless: false, pageLoadStrategy: normal, platform: MAC, platformName: MAC, proxy: Proxy(), setWindowRect: true, strictFileInteractability: false, timeouts: {implicit: 0, pageLoad: 300000, script: 30000}, unhandledPromptBehavior: dismiss and notify}\nSession ID: 1a39c333-3f49-45ad-b27e-1fc2b1b9e207\n*** Element info: {Using=xpath, value=//input[@placeholder='Short answer']}\n\tat sun.reflect.NativeConstructorAccessorImpl.newInstance0(Native Method)\n\tat sun.reflect.NativeConstructorAccessorImpl.newInstance(NativeConstructorAccessorImpl.java:62)\n\tat sun.reflect.DelegatingConstructorAccessorImpl.newInstance(DelegatingConstructorAccessorImpl.java:45)\n\tat java.lang.reflect.Constructor.newInstance(Constructor.java:423)\n\tat org.openqa.selenium.remote.http.W3CHttpResponseCodec.createException(W3CHttpResponseCodec.java:187)\n\tat org.openqa.selenium.remote.http.W3CHttpResponseCodec.decode(W3CHttpResponseCodec.java:122)\n\tat org.openqa.selenium.remote.http.W3CHttpResponseCodec.decode(W3CHttpResponseCodec.java:49)\n\tat org.openqa.selenium.remote.HttpCommandExecutor.execute(HttpCommandExecutor.java:158)\n\tat org.openqa.selenium.remote.service.DriverCommandExecutor.execute(DriverCommandExecutor.java:83)\n\tat org.openqa.selenium.remote.RemoteWebDriver.execute(RemoteWebDriver.java:552)\n\tat org.openqa.selenium.remote.RemoteWebDriver.findElement(RemoteWebDriver.java:323)\n\tat org.openqa.selenium.remote.RemoteWebDriver.findElementByXPath(RemoteWebDriver.java:428)\n\tat org.openqa.selenium.By$ByXPath.findElement(By.java:353)\n\tat org.openqa.selenium.remote.RemoteWebDriver.findElement(RemoteWebDriver.java:315)\n\tat MetaFox.pageObject.Components.componentSearchAttributes(Components.java:380)\n\tat MetaFox.stepDefined.WhenStepDefinitions.valueEmailSignUp(WhenStepDefinitions.java:102)\n\tat ✽.the user input info sign up \"Short answer\" with value \"test\"(file:///Users/qctest/IdeaProjects/v5_AutomationTest/src/test/java/MetaFox/testFeature/group/BrainActionOnPublicGroups.feature:111)\n"},"stage":"finished","steps":[{"name":"Given  the user logged in as \"terry\"","status":"passed","statusDetails":{"known":false,"muted":false,"flaky":false},"stage":"finished","steps":[],"attachments":[{"name":"By.xpath: //input[@placeholder='Enter your email address']","source":"a1520887-c570-447d-9c98-a52996ea1b7e-attachment"},{"name":"By.xpath: //div[@data-testid ='formSearch']","source":"a9e5fd36-a7f3-4ad0-8b4e-f09b92cf33ad-attachment"}],"parameters":[],"start":1666600977243,"stop":1666600985074},{"name":"When  the user action on \"More\"","status":"passed","statusDetails":{"known":false,"muted":false,"flaky":false},"stage":"finished","steps":[],"attachments":[{"name":"By.xpath: //span[text()='More']","source":"941040e7-ec45-41c7-9a38-9fce9e2334e9-attachment"}],"parameters":[],"start":1666600985127,"stop":1666600985549},{"name":"Then  the browser opened at item \"group\" and tab \"\"","status":"passed","statusDetails":{"known":false,"muted":false,"flaky":false},"stage":"finished","steps":[],"attachments":[{"name":"By.xpath: //a[contains(@href, 'group')]","source":"233cc761-5257-4f0a-82f8-548a444836e9-attachment"}],"parameters":[],"start":1666600985550,"stop":1666600995207},{"name":"And  the user see search field \"Search groups\" and typing keys \"Groups\"","status":"passed","statusDetails":{"known":false,"muted":false,"flaky":false},"stage":"finished","steps":[],"attachments":[{"name":"By.xpath: //input[@placeholder='Search groups']","source":"6c377b81-4104-4a1a-ab89-5ef56063a219-attachment"}],"parameters":[],"start":1666600995208,"stop":1666600995745},{"name":"When  the user click on the \"Join Group\" on page","status":"passed","statusDetails":{"known":false,"muted":false,"flaky":false},"stage":"finished","steps":[],"attachments":[],"parameters":[],"start":1666600995747,"stop":1666600997621},{"name":"And  the user input info sign up \"Short answer\" with value \"test\"","status":"broken","statusDetails":{"known":false,"muted":false,"flaky":false,"message":"Unable to locate element: //input[@placeholder='Short answer']\nFor documentation on this error, please visit: https://www.seleniumhq.org/exceptions/no_such_element.html\nBuild info: version: '3.141.59', revision: 'e82be7d358', time: '2018-11-14T08:17:03'\nSystem info: host: 'ChauVMs-Mac-Mini.local', ip: 'fe80:0:0:0:1ce7:410d:8073:3fb5%en0', os.name: 'Mac OS X', os.arch: 'x86_64', os.version: '10.16', java.version: '1.8.0_292'\nDriver info: org.openqa.selenium.firefox.FirefoxDriver\nCapabilities {acceptInsecureCerts: true, browserName: firefox, browserVersion: 105.0.3, javascriptEnabled: true, moz:accessibilityChecks: false, moz:buildID: 20221007134813, moz:geckodriverVersion: 0.31.0, moz:headless: false, moz:platformVersion: 21.6.0, moz:processID: 4284, moz:profile: /var/folders/5g/b1_nkj050kx..., moz:shutdownTimeout: 60000, moz:useNonSpecCompliantPointerOrigin: false, moz:webdriverClick: true, moz:windowless: false, pageLoadStrategy: normal, platform: MAC, platformName: MAC, proxy: Proxy(), setWindowRect: true, strictFileInteractability: false, timeouts: {implicit: 0, pageLoad: 300000, script: 30000}, unhandledPromptBehavior: dismiss and notify}\nSession ID: 1a39c333-3f49-45ad-b27e-1fc2b1b9e207\n*** Element info: {Using=xpath, value=//input[@placeholder='Short answer']}","trace":"org.openqa.selenium.NoSuchElementException: Unable to locate element: //input[@placeholder='Short answer']\nFor documentation on this error, please visit: https://www.seleniumhq.org/exceptions/no_such_element.html\nBuild info: version: '3.141.59', revision: 'e82be7d358', time: '2018-11-14T08:17:03'\nSystem info: host: 'ChauVMs-Mac-Mini.local', ip: 'fe80:0:0:0:1ce7:410d:8073:3fb5%en0', os.name: 'Mac OS X', os.arch: 'x86_64', os.version: '10.16', java.version: '1.8.0_292'\nDriver info: org.openqa.selenium.firefox.FirefoxDriver\nCapabilities {acceptInsecureCerts: true, browserName: firefox, browserVersion: 105.0.3, javascriptEnabled: true, moz:accessibilityChecks: false, moz:buildID: 20221007134813, moz:geckodriverVersion: 0.31.0, moz:headless: false, moz:platformVersion: 21.6.0, moz:processID: 4284, moz:profile: /var/folders/5g/b1_nkj050kx..., moz:shutdownTimeout: 60000, moz:useNonSpecCompliantPointerOrigin: false, moz:webdriverClick: true, moz:windowless: false, pageLoadStrategy: normal, platform: MAC, platformName: MAC, proxy: Proxy(), setWindowRect: true, strictFileInteractability: false, timeouts: {implicit: 0, pageLoad: 300000, script: 30000}, unhandledPromptBehavior: dismiss and notify}\nSession ID: 1a39c333-3f49-45ad-b27e-1fc2b1b9e207\n*** Element info: {Using=xpath, value=//input[@placeholder='Short answer']}\n\tat sun.reflect.NativeConstructorAccessorImpl.newInstance0(Native Method)\n\tat sun.reflect.NativeConstructorAccessorImpl.newInstance(NativeConstructorAccessorImpl.java:62)\n\tat sun.reflect.DelegatingConstructorAccessorImpl.newInstance(DelegatingConstructorAccessorImpl.java:45)\n\tat java.lang.reflect.Constructor.newInstance(Constructor.java:423)\n\tat org.openqa.selenium.remote.http.W3CHttpResponseCodec.createException(W3CHttpResponseCodec.java:187)\n\tat org.openqa.selenium.remote.http.W3CHttpResponseCodec.decode(W3CHttpResponseCodec.java:122)\n\tat org.openqa.selenium.remote.http.W3CHttpResponseCodec.decode(W3CHttpResponseCodec.java:49)\n\tat org.openqa.selenium.remote.HttpCommandExecutor.execute(HttpCommandExecutor.java:158)\n\tat org.openqa.selenium.remote.service.DriverCommandExecutor.execute(DriverCommandExecutor.java:83)\n\tat org.openqa.selenium.remote.RemoteWebDriver.execute(RemoteWebDriver.java:552)\n\tat org.openqa.selenium.remote.RemoteWebDriver.findElement(RemoteWebDriver.java:323)\n\tat org.openqa.selenium.remote.RemoteWebDriver.findElementByXPath(RemoteWebDriver.java:428)\n\tat org.openqa.selenium.By$ByXPath.findElement(By.java:353)\n\tat org.openqa.selenium.remote.RemoteWebDriver.findElement(RemoteWebDriver.java:315)\n\tat MetaFox.pageObject.Components.componentSearchAttributes(Components.java:380)\n\tat MetaFox.stepDefined.WhenStepDefinitions.valueEmailSignUp(WhenStepDefinitions.java:102)\n\tat ✽.the user input info sign up \"Short answer\" with value \"test\"(file:///Users/qctest/IdeaProjects/v5_AutomationTest/src/test/java/MetaFox/testFeature/group/BrainActionOnPublicGroups.feature:111)\n"},"stage":"finished","steps":[],"attachments":[],"parameters":[],"start":1666600997621,"stop":1666601012652},{"name":"Then  the user click on button \"buttonSubmit\"","status":"skipped","statusDetails":{"known":false,"muted":false,"flaky":false},"stage":"finished","steps":[],"attachments":[],"parameters":[],"start":1666601012654,"stop":1666601012654}],"attachments":[],"parameters":[],"start":1666600970225,"stop":1666601017102}