{"uuid":"86bcc24f-5053-47a4-9490-892257bae621","historyId":"ac64cdfce1914a0d33db1ea2593a85b0","fullName":"Brain Action Share Feed: Brian Upload Photo on feed","labels":[{"name":"tag","value":"MetaFox"},{"name":"tag","value":"feed"},{"name":"tag","value":"BrainActionShareFeed"},{"name":"tag","value":"BrianUploadPhotoOnFeed"},{"name":"host","value":"ChauVMs-Mac-Mini.local"},{"name":"thread","value":"3626@ChauVMs-Mac-Mini.local.main(1)"},{"name":"feature","value":"Brain Action Share Feed"},{"name":"story","value":"Brian Upload Photo on feed"},{"name":"suite","value":"Brain Action Share Feed"},{"name":"testClass","value":"Brian Upload Photo on feed"},{"name":"framework","value":"cucumber4jvm"},{"name":"language","value":"java"},{"name":"gherkin_uri","value":"file:///Users/qctest/IdeaProjects/v5_AutomationTest/src/test/java/MetaFox/testFeature/feed/BrainActionShareFedd.feature"},{"name":"package","value":"src.test.java.MetaFox.testFeature.feed.BrainActionShareFedd_feature.Brain Action Share Feed"}],"links":[],"name":"Brian Upload Photo on feed","status":"broken","statusDetails":{"known":false,"muted":false,"flaky":false,"message":"Unable to locate element: //input[@data-testid ='inputFile']\nFor documentation on this error, please visit: https://www.seleniumhq.org/exceptions/no_such_element.html\nBuild info: version: '3.141.59', revision: 'e82be7d358', time: '2018-11-14T08:17:03'\nSystem info: host: 'ChauVMs-Mac-Mini.local', ip: 'fe80:0:0:0:1ce7:410d:8073:3fb5%en0', os.name: 'Mac OS X', os.arch: 'x86_64', os.version: '10.16', java.version: '1.8.0_292'\nDriver info: org.openqa.selenium.firefox.FirefoxDriver\nCapabilities {acceptInsecureCerts: true, browserName: firefox, browserVersion: 105.0.3, javascriptEnabled: true, moz:accessibilityChecks: false, moz:buildID: 20221007134813, moz:geckodriverVersion: 0.31.0, moz:headless: false, moz:platformVersion: 21.6.0, moz:processID: 3628, moz:profile: /var/folders/5g/b1_nkj050kx..., moz:shutdownTimeout: 60000, moz:useNonSpecCompliantPointerOrigin: false, moz:webdriverClick: true, moz:windowless: false, pageLoadStrategy: normal, platform: MAC, platformName: MAC, proxy: Proxy(), setWindowRect: true, strictFileInteractability: false, timeouts: {implicit: 0, pageLoad: 300000, script: 30000}, unhandledPromptBehavior: dismiss and notify}\nSession ID: e4111b76-3a9b-47c8-bdb8-4c85c47bd7f7\n*** Element info: {Using=xpath, value=//input[@data-testid ='inputFile']}","trace":"org.openqa.selenium.NoSuchElementException: Unable to locate element: //input[@data-testid ='inputFile']\nFor documentation on this error, please visit: https://www.seleniumhq.org/exceptions/no_such_element.html\nBuild info: version: '3.141.59', revision: 'e82be7d358', time: '2018-11-14T08:17:03'\nSystem info: host: 'ChauVMs-Mac-Mini.local', ip: 'fe80:0:0:0:1ce7:410d:8073:3fb5%en0', os.name: 'Mac OS X', os.arch: 'x86_64', os.version: '10.16', java.version: '1.8.0_292'\nDriver info: org.openqa.selenium.firefox.FirefoxDriver\nCapabilities {acceptInsecureCerts: true, browserName: firefox, browserVersion: 105.0.3, javascriptEnabled: true, moz:accessibilityChecks: false, moz:buildID: 20221007134813, moz:geckodriverVersion: 0.31.0, moz:headless: false, moz:platformVersion: 21.6.0, moz:processID: 3628, moz:profile: /var/folders/5g/b1_nkj050kx..., moz:shutdownTimeout: 60000, moz:useNonSpecCompliantPointerOrigin: false, moz:webdriverClick: true, moz:windowless: false, pageLoadStrategy: normal, platform: MAC, platformName: MAC, proxy: Proxy(), setWindowRect: true, strictFileInteractability: false, timeouts: {implicit: 0, pageLoad: 300000, script: 30000}, unhandledPromptBehavior: dismiss and notify}\nSession ID: e4111b76-3a9b-47c8-bdb8-4c85c47bd7f7\n*** Element info: {Using=xpath, value=//input[@data-testid ='inputFile']}\n\tat sun.reflect.NativeConstructorAccessorImpl.newInstance0(Native Method)\n\tat sun.reflect.NativeConstructorAccessorImpl.newInstance(NativeConstructorAccessorImpl.java:62)\n\tat sun.reflect.DelegatingConstructorAccessorImpl.newInstance(DelegatingConstructorAccessorImpl.java:45)\n\tat java.lang.reflect.Constructor.newInstance(Constructor.java:423)\n\tat org.openqa.selenium.remote.http.W3CHttpResponseCodec.createException(W3CHttpResponseCodec.java:187)\n\tat org.openqa.selenium.remote.http.W3CHttpResponseCodec.decode(W3CHttpResponseCodec.java:122)\n\tat org.openqa.selenium.remote.http.W3CHttpResponseCodec.decode(W3CHttpResponseCodec.java:49)\n\tat org.openqa.selenium.remote.HttpCommandExecutor.execute(HttpCommandExecutor.java:158)\n\tat org.openqa.selenium.remote.service.DriverCommandExecutor.execute(DriverCommandExecutor.java:83)\n\tat org.openqa.selenium.remote.RemoteWebDriver.execute(RemoteWebDriver.java:552)\n\tat org.openqa.selenium.remote.RemoteWebDriver.findElement(RemoteWebDriver.java:323)\n\tat org.openqa.selenium.remote.RemoteWebDriver.findElementByXPath(RemoteWebDriver.java:428)\n\tat org.openqa.selenium.By$ByXPath.findElement(By.java:353)\n\tat org.openqa.selenium.remote.RemoteWebDriver.findElement(RemoteWebDriver.java:315)\n\tat MetaFox.pageObject.Components.componentInputDataTestID(Components.java:43)\n\tat MetaFox.stepDefined.AndStepDefinitions.actionAttachImage(AndStepDefinitions.java:351)\n\tat ✽.the user want to add photo(file:///Users/qctest/IdeaProjects/v5_AutomationTest/src/test/java/MetaFox/testFeature/feed/BrainActionShareFedd.feature:82)\n"},"stage":"finished","steps":[{"name":"Given  the user logged in as \"admin\"","status":"passed","statusDetails":{"known":false,"muted":false,"flaky":false},"stage":"finished","steps":[],"attachments":[{"name":"By.xpath: //input[@placeholder='Enter your email address']","source":"3a3eb127-ad1e-4fce-9ad6-8ba7429256a2-attachment"},{"name":"By.xpath: //div[@data-testid ='formSearch']","source":"76fc6c45-6332-49e8-aedd-87afc4dd4294-attachment"}],"parameters":[],"start":1666596997241,"stop":1666597006254},{"name":"Then  the user \"whatsHappening\" this item","status":"passed","statusDetails":{"known":false,"muted":false,"flaky":false},"stage":"finished","steps":[],"attachments":[{"name":"By.xpath: //div[@data-testid='whatsHappening']","source":"27929a41-8a35-42ad-97c7-abacb1497b37-attachment"}],"parameters":[],"start":1666597006256,"stop":1666597010614},{"name":"Then  the user want to add photo","status":"broken","statusDetails":{"known":false,"muted":false,"flaky":false,"message":"Unable to locate element: //input[@data-testid ='inputFile']\nFor documentation on this error, please visit: https://www.seleniumhq.org/exceptions/no_such_element.html\nBuild info: version: '3.141.59', revision: 'e82be7d358', time: '2018-11-14T08:17:03'\nSystem info: host: 'ChauVMs-Mac-Mini.local', ip: 'fe80:0:0:0:1ce7:410d:8073:3fb5%en0', os.name: 'Mac OS X', os.arch: 'x86_64', os.version: '10.16', java.version: '1.8.0_292'\nDriver info: org.openqa.selenium.firefox.FirefoxDriver\nCapabilities {acceptInsecureCerts: true, browserName: firefox, browserVersion: 105.0.3, javascriptEnabled: true, moz:accessibilityChecks: false, moz:buildID: 20221007134813, moz:geckodriverVersion: 0.31.0, moz:headless: false, moz:platformVersion: 21.6.0, moz:processID: 3628, moz:profile: /var/folders/5g/b1_nkj050kx..., moz:shutdownTimeout: 60000, moz:useNonSpecCompliantPointerOrigin: false, moz:webdriverClick: true, moz:windowless: false, pageLoadStrategy: normal, platform: MAC, platformName: MAC, proxy: Proxy(), setWindowRect: true, strictFileInteractability: false, timeouts: {implicit: 0, pageLoad: 300000, script: 30000}, unhandledPromptBehavior: dismiss and notify}\nSession ID: e4111b76-3a9b-47c8-bdb8-4c85c47bd7f7\n*** Element info: {Using=xpath, value=//input[@data-testid ='inputFile']}","trace":"org.openqa.selenium.NoSuchElementException: Unable to locate element: //input[@data-testid ='inputFile']\nFor documentation on this error, please visit: https://www.seleniumhq.org/exceptions/no_such_element.html\nBuild info: version: '3.141.59', revision: 'e82be7d358', time: '2018-11-14T08:17:03'\nSystem info: host: 'ChauVMs-Mac-Mini.local', ip: 'fe80:0:0:0:1ce7:410d:8073:3fb5%en0', os.name: 'Mac OS X', os.arch: 'x86_64', os.version: '10.16', java.version: '1.8.0_292'\nDriver info: org.openqa.selenium.firefox.FirefoxDriver\nCapabilities {acceptInsecureCerts: true, browserName: firefox, browserVersion: 105.0.3, javascriptEnabled: true, moz:accessibilityChecks: false, moz:buildID: 20221007134813, moz:geckodriverVersion: 0.31.0, moz:headless: false, moz:platformVersion: 21.6.0, moz:processID: 3628, moz:profile: /var/folders/5g/b1_nkj050kx..., moz:shutdownTimeout: 60000, moz:useNonSpecCompliantPointerOrigin: false, moz:webdriverClick: true, moz:windowless: false, pageLoadStrategy: normal, platform: MAC, platformName: MAC, proxy: Proxy(), setWindowRect: true, strictFileInteractability: false, timeouts: {implicit: 0, pageLoad: 300000, script: 30000}, unhandledPromptBehavior: dismiss and notify}\nSession ID: e4111b76-3a9b-47c8-bdb8-4c85c47bd7f7\n*** Element info: {Using=xpath, value=//input[@data-testid ='inputFile']}\n\tat sun.reflect.NativeConstructorAccessorImpl.newInstance0(Native Method)\n\tat sun.reflect.NativeConstructorAccessorImpl.newInstance(NativeConstructorAccessorImpl.java:62)\n\tat sun.reflect.DelegatingConstructorAccessorImpl.newInstance(DelegatingConstructorAccessorImpl.java:45)\n\tat java.lang.reflect.Constructor.newInstance(Constructor.java:423)\n\tat org.openqa.selenium.remote.http.W3CHttpResponseCodec.createException(W3CHttpResponseCodec.java:187)\n\tat org.openqa.selenium.remote.http.W3CHttpResponseCodec.decode(W3CHttpResponseCodec.java:122)\n\tat org.openqa.selenium.remote.http.W3CHttpResponseCodec.decode(W3CHttpResponseCodec.java:49)\n\tat org.openqa.selenium.remote.HttpCommandExecutor.execute(HttpCommandExecutor.java:158)\n\tat org.openqa.selenium.remote.service.DriverCommandExecutor.execute(DriverCommandExecutor.java:83)\n\tat org.openqa.selenium.remote.RemoteWebDriver.execute(RemoteWebDriver.java:552)\n\tat org.openqa.selenium.remote.RemoteWebDriver.findElement(RemoteWebDriver.java:323)\n\tat org.openqa.selenium.remote.RemoteWebDriver.findElementByXPath(RemoteWebDriver.java:428)\n\tat org.openqa.selenium.By$ByXPath.findElement(By.java:353)\n\tat org.openqa.selenium.remote.RemoteWebDriver.findElement(RemoteWebDriver.java:315)\n\tat MetaFox.pageObject.Components.componentInputDataTestID(Components.java:43)\n\tat MetaFox.stepDefined.AndStepDefinitions.actionAttachImage(AndStepDefinitions.java:351)\n\tat ✽.the user want to add photo(file:///Users/qctest/IdeaProjects/v5_AutomationTest/src/test/java/MetaFox/testFeature/feed/BrainActionShareFedd.feature:82)\n"},"stage":"finished","steps":[],"attachments":[],"parameters":[],"start":1666597010615,"stop":1666597025659},{"name":"Then  the user see message \"photoUpload\" displayed","status":"skipped","statusDetails":{"known":false,"muted":false,"flaky":false},"stage":"finished","steps":[],"attachments":[],"parameters":[],"start":1666597025661,"stop":1666597025662}],"attachments":[],"parameters":[],"start":1666596989168,"stop":1666597030009}