{"uuid":"f9449db3-4953-4c1c-9ad2-bd1392ff0e9d","historyId":"b8d919a961f23f9e6b683032ee9b453b","fullName":"Brain Process On Account Settings Is No One: Brain Verify Send Friend Request Is NoOne","labels":[{"name":"tag","value":"MetaFox"},{"name":"tag","value":"core"},{"name":"tag","value":"brianProcessOnAccountSettingsIsNoOne"},{"name":"tag","value":"BrainVerifySendFriendRequestIsNoOne"},{"name":"host","value":"ChauVMs-Mac-Mini.local"},{"name":"thread","value":"2381@ChauVMs-Mac-Mini.local.main(1)"},{"name":"feature","value":"Brain Process On Account Settings Is No One"},{"name":"story","value":"Brain Verify Send Friend Request Is NoOne"},{"name":"suite","value":"Brain Process On Account Settings Is No One"},{"name":"testClass","value":"Brain Verify Send Friend Request Is NoOne"},{"name":"framework","value":"cucumber4jvm"},{"name":"language","value":"java"},{"name":"gherkin_uri","value":"file:///Users/qctest/IdeaProjects/v5_AutomationTest/src/test/java/MetaFox/testFeature/core/AccountSetting/BrianActionOnAccountSettingIsNoOne.feature"},{"name":"package","value":"src.test.java.MetaFox.testFeature.core.AccountSetting.BrianActionOnAccountSettingIsNoOne_feature.Brain Process On Account Settings Is No One"}],"links":[],"name":"Brain Verify Send Friend Request Is NoOne","status":"broken","statusDetails":{"known":false,"muted":false,"flaky":false,"message":"Unable to locate element: //div[@data-value='0']\nFor documentation on this error, please visit: https://www.seleniumhq.org/exceptions/no_such_element.html\nBuild info: version: '3.141.59', revision: 'e82be7d358', time: '2018-11-14T08:17:03'\nSystem info: host: 'ChauVMs-Mac-Mini.local', ip: 'fe80:0:0:0:1ce7:410d:8073:3fb5%en0', os.name: 'Mac OS X', os.arch: 'x86_64', os.version: '10.16', java.version: '1.8.0_292'\nDriver info: org.openqa.selenium.firefox.FirefoxDriver\nCapabilities {acceptInsecureCerts: true, browserName: firefox, browserVersion: 105.0.3, javascriptEnabled: true, moz:accessibilityChecks: false, moz:buildID: 20221007134813, moz:geckodriverVersion: 0.31.0, moz:headless: false, moz:platformVersion: 21.6.0, moz:processID: 2385, moz:profile: /var/folders/5g/b1_nkj050kx..., moz:shutdownTimeout: 60000, moz:useNonSpecCompliantPointerOrigin: false, moz:webdriverClick: true, moz:windowless: false, pageLoadStrategy: normal, platform: MAC, platformName: MAC, proxy: Proxy(), setWindowRect: true, strictFileInteractability: false, timeouts: {implicit: 0, pageLoad: 300000, script: 30000}, unhandledPromptBehavior: dismiss and notify}\nSession ID: b02f2bc6-b37e-484f-8318-6de1e7bbb60a\n*** Element info: {Using=xpath, value=//div[@data-value='0']}","trace":"org.openqa.selenium.NoSuchElementException: Unable to locate element: //div[@data-value='0']\nFor documentation on this error, please visit: https://www.seleniumhq.org/exceptions/no_such_element.html\nBuild info: version: '3.141.59', revision: 'e82be7d358', time: '2018-11-14T08:17:03'\nSystem info: host: 'ChauVMs-Mac-Mini.local', ip: 'fe80:0:0:0:1ce7:410d:8073:3fb5%en0', os.name: 'Mac OS X', os.arch: 'x86_64', os.version: '10.16', java.version: '1.8.0_292'\nDriver info: org.openqa.selenium.firefox.FirefoxDriver\nCapabilities {acceptInsecureCerts: true, browserName: firefox, browserVersion: 105.0.3, javascriptEnabled: true, moz:accessibilityChecks: false, moz:buildID: 20221007134813, moz:geckodriverVersion: 0.31.0, moz:headless: false, moz:platformVersion: 21.6.0, moz:processID: 2385, moz:profile: /var/folders/5g/b1_nkj050kx..., moz:shutdownTimeout: 60000, moz:useNonSpecCompliantPointerOrigin: false, moz:webdriverClick: true, moz:windowless: false, pageLoadStrategy: normal, platform: MAC, platformName: MAC, proxy: Proxy(), setWindowRect: true, strictFileInteractability: false, timeouts: {implicit: 0, pageLoad: 300000, script: 30000}, unhandledPromptBehavior: dismiss and notify}\nSession ID: b02f2bc6-b37e-484f-8318-6de1e7bbb60a\n*** Element info: {Using=xpath, value=//div[@data-value='0']}\n\tat sun.reflect.NativeConstructorAccessorImpl.newInstance0(Native Method)\n\tat sun.reflect.NativeConstructorAccessorImpl.newInstance(NativeConstructorAccessorImpl.java:62)\n\tat sun.reflect.DelegatingConstructorAccessorImpl.newInstance(DelegatingConstructorAccessorImpl.java:45)\n\tat java.lang.reflect.Constructor.newInstance(Constructor.java:423)\n\tat org.openqa.selenium.remote.http.W3CHttpResponseCodec.createException(W3CHttpResponseCodec.java:187)\n\tat org.openqa.selenium.remote.http.W3CHttpResponseCodec.decode(W3CHttpResponseCodec.java:122)\n\tat org.openqa.selenium.remote.http.W3CHttpResponseCodec.decode(W3CHttpResponseCodec.java:49)\n\tat org.openqa.selenium.remote.HttpCommandExecutor.execute(HttpCommandExecutor.java:158)\n\tat org.openqa.selenium.remote.service.DriverCommandExecutor.execute(DriverCommandExecutor.java:83)\n\tat org.openqa.selenium.remote.RemoteWebDriver.execute(RemoteWebDriver.java:552)\n\tat org.openqa.selenium.remote.RemoteWebDriver.findElement(RemoteWebDriver.java:323)\n\tat org.openqa.selenium.remote.RemoteWebDriver.findElementByXPath(RemoteWebDriver.java:428)\n\tat org.openqa.selenium.By$ByXPath.findElement(By.java:353)\n\tat org.openqa.selenium.remote.RemoteWebDriver.findElement(RemoteWebDriver.java:315)\n\tat MetaFox.pageObject.Components.componentsDivDataValue(Components.java:240)\n\tat MetaFox.stepDefined.AndStepDefinitions.selectPrivacy(AndStepDefinitions.java:241)\n\tat ✽.the user select privacy at field \"Who can send you a friend request?\" and change to \"Anyone\"(file:///Users/qctest/IdeaProjects/v5_AutomationTest/src/test/java/MetaFox/testFeature/core/AccountSetting/BrianActionOnAccountSettingIsNoOne.feature:20)\n"},"stage":"finished","steps":[{"name":"Given  the user logged in as \"brian\"","status":"passed","statusDetails":{"known":false,"muted":false,"flaky":false},"stage":"finished","steps":[],"attachments":[{"name":"By.xpath: //input[@placeholder='Enter your email address']","source":"38b7c34c-a083-4c7d-9800-248c029302d3-attachment"},{"name":"By.xpath: //div[@data-testid ='formSearch']","source":"a5cb1577-ed65-41d5-be3f-341289b1ef42-attachment"}],"parameters":[],"start":1666586148396,"stop":1666586158592},{"name":"Then  I want to click on \"Account Settings\"","status":"passed","statusDetails":{"known":false,"muted":false,"flaky":false},"stage":"finished","steps":[],"attachments":[{"name":"By.xpath: //div[@data-testid ='menuAppBar']/div[5]/div","source":"7b6e3112-5e84-46be-990f-7fe3ae6f663a-attachment"},{"name":"By.xpath: //span[text()='Account Settings']","source":"30696882-6395-4e88-a0c5-055c6d2cde80-attachment"}],"parameters":[],"start":1666586158593,"stop":1666586163153},{"name":"And  the user action on \"Your Profile\"","status":"passed","statusDetails":{"known":false,"muted":false,"flaky":false},"stage":"finished","steps":[],"attachments":[{"name":"By.xpath: //span[text()='Your Profile']","source":"5f9129d1-25cc-4ffa-aa96-7dacbf908b5c-attachment"}],"parameters":[],"start":1666586163154,"stop":1666586163606},{"name":"And  the user select privacy at field \"Who can send you a friend request?\" and change to \"No One\"","status":"passed","statusDetails":{"known":false,"muted":false,"flaky":false},"stage":"finished","steps":[],"attachments":[{"name":"By.xpath: //div[@role ='button']","source":"e84f06cc-31af-4d6f-b623-eb8f4b1cbf39-attachment"},{"name":"By.xpath: //ul[@role = 'listbox']","source":"6a7cead8-b83f-49cf-b601-bbe20f27f4a9-attachment"}],"parameters":[],"start":1666586163606,"stop":1666586166462},{"name":"Then  the user see message \"coreUpdate\" displayed","status":"passed","statusDetails":{"known":false,"muted":false,"flaky":false},"stage":"finished","steps":[],"attachments":[],"parameters":[],"start":1666586166464,"stop":1666586166757},{"name":"And  I want to click on \"Logout\"","status":"passed","statusDetails":{"known":false,"muted":false,"flaky":false},"stage":"finished","steps":[],"attachments":[{"name":"By.xpath: //div[@data-testid ='menuAppBar']/div[5]/div","source":"02f51a1f-c522-448f-8e4a-83f329d4505f-attachment"},{"name":"By.xpath: //span[text()='Logout']","source":"8fe19b27-9b92-4cc1-aa10-74aa53d24d1a-attachment"}],"parameters":[],"start":1666586166757,"stop":1666586170881},{"name":"Then  the user logged in as \"terry\"","status":"passed","statusDetails":{"known":false,"muted":false,"flaky":false},"stage":"finished","steps":[],"attachments":[{"name":"By.xpath: //input[@placeholder='Enter your email address']","source":"7d555906-a3a6-4632-bae6-d3b463a0932d-attachment"},{"name":"By.xpath: //div[@data-testid ='formSearch']","source":"85e8db11-df76-410d-8935-f2f65d9798c0-attachment"}],"parameters":[],"start":1666586170881,"stop":1666586181930},{"name":"And  the user see search field \"Search\" and typing keys \"brian\"","status":"passed","statusDetails":{"known":false,"muted":false,"flaky":false},"stage":"finished","steps":[],"attachments":[{"name":"By.xpath: //input[@placeholder='Search']","source":"8fabb0ad-78ea-4665-bd66-70ff29184abb-attachment"}],"parameters":[],"start":1666586181931,"stop":1666586182295},{"name":"And  the user click on element link text a \"Brian\"","status":"passed","statusDetails":{"known":false,"muted":false,"flaky":false},"stage":"finished","steps":[],"attachments":[{"name":"By.xpath: //a[text()='Brian']","source":"3fe6066c-e8d0-4af1-9c28-8478b20f197e-attachment"}],"parameters":[],"start":1666586182296,"stop":1666586188403},{"name":"Then  the user see button \"Message\" is displayed","status":"passed","statusDetails":{"known":false,"muted":false,"flaky":false},"stage":"finished","steps":[],"attachments":[{"name":"By.xpath: //button[text()='Message']","source":"a8c8e446-2ebb-4479-b0f8-11d82d03b899-attachment"}],"parameters":[],"start":1666586188405,"stop":1666586190319},{"name":"And  I want to click on \"Logout\"","status":"passed","statusDetails":{"known":false,"muted":false,"flaky":false},"stage":"finished","steps":[],"attachments":[{"name":"By.xpath: //div[@data-testid ='menuAppBar']/div[5]/div","source":"f7070447-6c0b-475b-991c-8f328f7e6746-attachment"},{"name":"By.xpath: //span[text()='Logout']","source":"2bcf3587-3f86-48a5-84cb-93b446ed9284-attachment"}],"parameters":[],"start":1666586190320,"stop":1666586194874},{"name":"Then  the user logged in as \"brian\"","status":"passed","statusDetails":{"known":false,"muted":false,"flaky":false},"stage":"finished","steps":[],"attachments":[{"name":"By.xpath: //input[@placeholder='Enter your email address']","source":"638ada90-09f3-4357-844e-c4c75f2daed7-attachment"},{"name":"By.xpath: //div[@data-testid ='formSearch']","source":"b9c6f0e3-ebb2-4717-b167-8d932e8bec53-attachment"}],"parameters":[],"start":1666586194876,"stop":1666586200970},{"name":"Then  I want to click on \"Account Settings\"","status":"passed","statusDetails":{"known":false,"muted":false,"flaky":false},"stage":"finished","steps":[],"attachments":[{"name":"By.xpath: //div[@data-testid ='menuAppBar']/div[5]/div","source":"bacca361-c00f-4adf-9946-226f713dec2e-attachment"},{"name":"By.xpath: //span[text()='Account Settings']","source":"5c91ec53-06a1-48cf-8da3-1a6c68abc1af-attachment"}],"parameters":[],"start":1666586200971,"stop":1666586205223},{"name":"And  the user action on \"Your Profile\"","status":"passed","statusDetails":{"known":false,"muted":false,"flaky":false},"stage":"finished","steps":[],"attachments":[{"name":"By.xpath: //span[text()='Your Profile']","source":"07654024-f331-4e39-85bb-56ea0892e348-attachment"}],"parameters":[],"start":1666586205225,"stop":1666586205635},{"name":"And  the user select privacy at field \"Who can send you a friend request?\" and change to \"Anyone\"","status":"broken","statusDetails":{"known":false,"muted":false,"flaky":false,"message":"Unable to locate element: //div[@data-value='0']\nFor documentation on this error, please visit: https://www.seleniumhq.org/exceptions/no_such_element.html\nBuild info: version: '3.141.59', revision: 'e82be7d358', time: '2018-11-14T08:17:03'\nSystem info: host: 'ChauVMs-Mac-Mini.local', ip: 'fe80:0:0:0:1ce7:410d:8073:3fb5%en0', os.name: 'Mac OS X', os.arch: 'x86_64', os.version: '10.16', java.version: '1.8.0_292'\nDriver info: org.openqa.selenium.firefox.FirefoxDriver\nCapabilities {acceptInsecureCerts: true, browserName: firefox, browserVersion: 105.0.3, javascriptEnabled: true, moz:accessibilityChecks: false, moz:buildID: 20221007134813, moz:geckodriverVersion: 0.31.0, moz:headless: false, moz:platformVersion: 21.6.0, moz:processID: 2385, moz:profile: /var/folders/5g/b1_nkj050kx..., moz:shutdownTimeout: 60000, moz:useNonSpecCompliantPointerOrigin: false, moz:webdriverClick: true, moz:windowless: false, pageLoadStrategy: normal, platform: MAC, platformName: MAC, proxy: Proxy(), setWindowRect: true, strictFileInteractability: false, timeouts: {implicit: 0, pageLoad: 300000, script: 30000}, unhandledPromptBehavior: dismiss and notify}\nSession ID: b02f2bc6-b37e-484f-8318-6de1e7bbb60a\n*** Element info: {Using=xpath, value=//div[@data-value='0']}","trace":"org.openqa.selenium.NoSuchElementException: Unable to locate element: //div[@data-value='0']\nFor documentation on this error, please visit: https://www.seleniumhq.org/exceptions/no_such_element.html\nBuild info: version: '3.141.59', revision: 'e82be7d358', time: '2018-11-14T08:17:03'\nSystem info: host: 'ChauVMs-Mac-Mini.local', ip: 'fe80:0:0:0:1ce7:410d:8073:3fb5%en0', os.name: 'Mac OS X', os.arch: 'x86_64', os.version: '10.16', java.version: '1.8.0_292'\nDriver info: org.openqa.selenium.firefox.FirefoxDriver\nCapabilities {acceptInsecureCerts: true, browserName: firefox, browserVersion: 105.0.3, javascriptEnabled: true, moz:accessibilityChecks: false, moz:buildID: 20221007134813, moz:geckodriverVersion: 0.31.0, moz:headless: false, moz:platformVersion: 21.6.0, moz:processID: 2385, moz:profile: /var/folders/5g/b1_nkj050kx..., moz:shutdownTimeout: 60000, moz:useNonSpecCompliantPointerOrigin: false, moz:webdriverClick: true, moz:windowless: false, pageLoadStrategy: normal, platform: MAC, platformName: MAC, proxy: Proxy(), setWindowRect: true, strictFileInteractability: false, timeouts: {implicit: 0, pageLoad: 300000, script: 30000}, unhandledPromptBehavior: dismiss and notify}\nSession ID: b02f2bc6-b37e-484f-8318-6de1e7bbb60a\n*** Element info: {Using=xpath, value=//div[@data-value='0']}\n\tat sun.reflect.NativeConstructorAccessorImpl.newInstance0(Native Method)\n\tat sun.reflect.NativeConstructorAccessorImpl.newInstance(NativeConstructorAccessorImpl.java:62)\n\tat sun.reflect.DelegatingConstructorAccessorImpl.newInstance(DelegatingConstructorAccessorImpl.java:45)\n\tat java.lang.reflect.Constructor.newInstance(Constructor.java:423)\n\tat org.openqa.selenium.remote.http.W3CHttpResponseCodec.createException(W3CHttpResponseCodec.java:187)\n\tat org.openqa.selenium.remote.http.W3CHttpResponseCodec.decode(W3CHttpResponseCodec.java:122)\n\tat org.openqa.selenium.remote.http.W3CHttpResponseCodec.decode(W3CHttpResponseCodec.java:49)\n\tat org.openqa.selenium.remote.HttpCommandExecutor.execute(HttpCommandExecutor.java:158)\n\tat org.openqa.selenium.remote.service.DriverCommandExecutor.execute(DriverCommandExecutor.java:83)\n\tat org.openqa.selenium.remote.RemoteWebDriver.execute(RemoteWebDriver.java:552)\n\tat org.openqa.selenium.remote.RemoteWebDriver.findElement(RemoteWebDriver.java:323)\n\tat org.openqa.selenium.remote.RemoteWebDriver.findElementByXPath(RemoteWebDriver.java:428)\n\tat org.openqa.selenium.By$ByXPath.findElement(By.java:353)\n\tat org.openqa.selenium.remote.RemoteWebDriver.findElement(RemoteWebDriver.java:315)\n\tat MetaFox.pageObject.Components.componentsDivDataValue(Components.java:240)\n\tat MetaFox.stepDefined.AndStepDefinitions.selectPrivacy(AndStepDefinitions.java:241)\n\tat ✽.the user select privacy at field \"Who can send you a friend request?\" and change to \"Anyone\"(file:///Users/qctest/IdeaProjects/v5_AutomationTest/src/test/java/MetaFox/testFeature/core/AccountSetting/BrianActionOnAccountSettingIsNoOne.feature:20)\n"},"stage":"finished","steps":[],"attachments":[{"name":"By.xpath: //div[@role ='button']","source":"6d535147-52ab-4e68-808f-32069ec5e67b-attachment"},{"name":"By.xpath: //ul[@role = 'listbox']","source":"e5dc6aaa-527c-40ec-9936-92d6d697b793-attachment"}],"parameters":[],"start":1666586205636,"stop":1666586222517},{"name":"Then  the user see message \"Setting updated successfully\" displayed","status":"skipped","statusDetails":{"known":false,"muted":false,"flaky":false},"stage":"finished","steps":[],"attachments":[],"parameters":[],"start":1666586222519,"stop":1666586222520}],"attachments":[],"parameters":[],"start":1666586139248,"stop":1666586226494}